<?xml version="1.0" encoding="UTF-8"?>
<testsuite xmlns:xsi="http://www.w3.org/2001/XMLSchema-instance" xsi:noNamespaceSchemaLocation="https://maven.apache.org/surefire/maven-surefire-plugin/xsd/surefire-test-report.xsd" name="com.jzx.blog.BlogApplicationTests" time="6.204" tests="13" errors="3" skipped="0" failures="0">
  <properties>
    <property name="sun.desktop" value="windows"/>
    <property name="awt.toolkit" value="sun.awt.windows.WToolkit"/>
    <property name="file.encoding.pkg" value="sun.io"/>
    <property name="java.specification.version" value="1.8"/>
    <property name="sun.cpu.isalist" value="amd64"/>
    <property name="sun.jnu.encoding" value="GBK"/>
    <property name="java.class.path" value="D:\ideaProject\blog\target\test-classes;D:\ideaProject\blog\target\classes;D:\maven\LocalWarehouse\org\springframework\boot\spring-boot-starter-data-jpa\2.0.1.RELEASE\spring-boot-starter-data-jpa-2.0.1.RELEASE.jar;D:\maven\LocalWarehouse\org\springframework\boot\spring-boot-starter-aop\2.0.1.RELEASE\spring-boot-starter-aop-2.0.1.RELEASE.jar;D:\maven\LocalWarehouse\org\springframework\spring-aop\5.0.5.RELEASE\spring-aop-5.0.5.RELEASE.jar;D:\maven\LocalWarehouse\org\aspectj\aspectjweaver\1.8.13\aspectjweaver-1.8.13.jar;D:\maven\LocalWarehouse\org\springframework\boot\spring-boot-starter-jdbc\2.0.1.RELEASE\spring-boot-starter-jdbc-2.0.1.RELEASE.jar;D:\maven\LocalWarehouse\com\zaxxer\HikariCP\2.7.8\HikariCP-2.7.8.jar;D:\maven\LocalWarehouse\org\springframework\spring-jdbc\5.0.5.RELEASE\spring-jdbc-5.0.5.RELEASE.jar;D:\maven\LocalWarehouse\org\hibernate\hibernate-core\5.2.16.Final\hibernate-core-5.2.16.Final.jar;D:\maven\LocalWarehouse\org\jboss\logging\jboss-logging\3.3.2.Final\jboss-logging-3.3.2.Final.jar;D:\maven\LocalWarehouse\org\hibernate\javax\persistence\hibernate-jpa-2.1-api\1.0.0.Final\hibernate-jpa-2.1-api-1.0.0.Final.jar;D:\maven\LocalWarehouse\org\javassist\javassist\3.22.0-GA\javassist-3.22.0-GA.jar;D:\maven\LocalWarehouse\antlr\antlr\2.7.7\antlr-2.7.7.jar;D:\maven\LocalWarehouse\org\jboss\jandex\2.0.3.Final\jandex-2.0.3.Final.jar;D:\maven\LocalWarehouse\com\fasterxml\classmate\1.3.4\classmate-1.3.4.jar;D:\maven\LocalWarehouse\dom4j\dom4j\1.6.1\dom4j-1.6.1.jar;D:\maven\LocalWarehouse\org\hibernate\common\hibernate-commons-annotations\5.0.1.Final\hibernate-commons-annotations-5.0.1.Final.jar;D:\maven\LocalWarehouse\javax\transaction\javax.transaction-api\1.2\javax.transaction-api-1.2.jar;D:\maven\LocalWarehouse\org\springframework\data\spring-data-jpa\2.0.6.RELEASE\spring-data-jpa-2.0.6.RELEASE.jar;D:\maven\LocalWarehouse\org\springframework\data\spring-data-commons\2.0.6.RELEASE\spring-data-commons-2.0.6.RELEASE.jar;D:\maven\LocalWarehouse\org\springframework\spring-orm\5.0.5.RELEASE\spring-orm-5.0.5.RELEASE.jar;D:\maven\LocalWarehouse\org\springframework\spring-context\5.0.5.RELEASE\spring-context-5.0.5.RELEASE.jar;D:\maven\LocalWarehouse\org\springframework\spring-tx\5.0.5.RELEASE\spring-tx-5.0.5.RELEASE.jar;D:\maven\LocalWarehouse\org\springframework\spring-beans\5.0.5.RELEASE\spring-beans-5.0.5.RELEASE.jar;D:\maven\LocalWarehouse\org\springframework\spring-aspects\5.0.5.RELEASE\spring-aspects-5.0.5.RELEASE.jar;D:\maven\LocalWarehouse\org\springframework\boot\spring-boot-starter-thymeleaf\2.0.1.RELEASE\spring-boot-starter-thymeleaf-2.0.1.RELEASE.jar;D:\maven\LocalWarehouse\org\thymeleaf\thymeleaf-spring5\3.0.9.RELEASE\thymeleaf-spring5-3.0.9.RELEASE.jar;D:\maven\LocalWarehouse\org\thymeleaf\thymeleaf\3.0.9.RELEASE\thymeleaf-3.0.9.RELEASE.jar;D:\maven\LocalWarehouse\org\attoparser\attoparser\2.0.4.RELEASE\attoparser-2.0.4.RELEASE.jar;D:\maven\LocalWarehouse\org\unbescape\unbescape\1.1.5.RELEASE\unbescape-1.1.5.RELEASE.jar;D:\maven\LocalWarehouse\org\thymeleaf\extras\thymeleaf-extras-java8time\3.0.1.RELEASE\thymeleaf-extras-java8time-3.0.1.RELEASE.jar;D:\maven\LocalWarehouse\org\springframework\boot\spring-boot-starter-web\2.0.1.RELEASE\spring-boot-starter-web-2.0.1.RELEASE.jar;D:\maven\LocalWarehouse\org\springframework\boot\spring-boot-starter-json\2.0.1.RELEASE\spring-boot-starter-json-2.0.1.RELEASE.jar;D:\maven\LocalWarehouse\com\fasterxml\jackson\core\jackson-databind\2.9.5\jackson-databind-2.9.5.jar;D:\maven\LocalWarehouse\com\fasterxml\jackson\core\jackson-annotations\2.9.0\jackson-annotations-2.9.0.jar;D:\maven\LocalWarehouse\com\fasterxml\jackson\core\jackson-core\2.9.5\jackson-core-2.9.5.jar;D:\maven\LocalWarehouse\com\fasterxml\jackson\datatype\jackson-datatype-jdk8\2.9.5\jackson-datatype-jdk8-2.9.5.jar;D:\maven\LocalWarehouse\com\fasterxml\jackson\datatype\jackson-datatype-jsr310\2.9.5\jackson-datatype-jsr310-2.9.5.jar;D:\maven\LocalWarehouse\com\fasterxml\jackson\module\jackson-module-parameter-names\2.9.5\jackson-module-parameter-names-2.9.5.jar;D:\maven\LocalWarehouse\org\springframework\boot\spring-boot-starter-tomcat\2.0.1.RELEASE\spring-boot-starter-tomcat-2.0.1.RELEASE.jar;D:\maven\LocalWarehouse\org\apache\tomcat\embed\tomcat-embed-core\8.5.29\tomcat-embed-core-8.5.29.jar;D:\maven\LocalWarehouse\org\apache\tomcat\embed\tomcat-embed-el\8.5.29\tomcat-embed-el-8.5.29.jar;D:\maven\LocalWarehouse\org\apache\tomcat\embed\tomcat-embed-websocket\8.5.29\tomcat-embed-websocket-8.5.29.jar;D:\maven\LocalWarehouse\org\hibernate\validator\hibernate-validator\6.0.9.Final\hibernate-validator-6.0.9.Final.jar;D:\maven\LocalWarehouse\javax\validation\validation-api\2.0.1.Final\validation-api-2.0.1.Final.jar;D:\maven\LocalWarehouse\org\springframework\spring-web\5.0.5.RELEASE\spring-web-5.0.5.RELEASE.jar;D:\maven\LocalWarehouse\org\springframework\spring-webmvc\5.0.5.RELEASE\spring-webmvc-5.0.5.RELEASE.jar;D:\maven\LocalWarehouse\org\springframework\spring-expression\5.0.5.RELEASE\spring-expression-5.0.5.RELEASE.jar;D:\maven\LocalWarehouse\mysql\mysql-connector-java\5.1.46\mysql-connector-java-5.1.46.jar;D:\maven\LocalWarehouse\org\projectlombok\lombok\1.16.20\lombok-1.16.20.jar;D:\maven\LocalWarehouse\org\springframework\boot\spring-boot-starter-test\2.0.1.RELEASE\spring-boot-starter-test-2.0.1.RELEASE.jar;D:\maven\LocalWarehouse\org\springframework\boot\spring-boot-test\2.0.1.RELEASE\spring-boot-test-2.0.1.RELEASE.jar;D:\maven\LocalWarehouse\org\springframework\boot\spring-boot-test-autoconfigure\2.0.1.RELEASE\spring-boot-test-autoconfigure-2.0.1.RELEASE.jar;D:\maven\LocalWarehouse\com\jayway\jsonpath\json-path\2.4.0\json-path-2.4.0.jar;D:\maven\LocalWarehouse\net\minidev\json-smart\2.3\json-smart-2.3.jar;D:\maven\LocalWarehouse\net\minidev\accessors-smart\1.2\accessors-smart-1.2.jar;D:\maven\LocalWarehouse\org\ow2\asm\asm\5.0.4\asm-5.0.4.jar;D:\maven\LocalWarehouse\junit\junit\4.12\junit-4.12.jar;D:\maven\LocalWarehouse\org\assertj\assertj-core\3.9.1\assertj-core-3.9.1.jar;D:\maven\LocalWarehouse\org\mockito\mockito-core\2.15.0\mockito-core-2.15.0.jar;D:\maven\LocalWarehouse\net\bytebuddy\byte-buddy\1.7.11\byte-buddy-1.7.11.jar;D:\maven\LocalWarehouse\net\bytebuddy\byte-buddy-agent\1.7.11\byte-buddy-agent-1.7.11.jar;D:\maven\LocalWarehouse\org\objenesis\objenesis\2.6\objenesis-2.6.jar;D:\maven\LocalWarehouse\org\hamcrest\hamcrest-core\1.3\hamcrest-core-1.3.jar;D:\maven\LocalWarehouse\org\hamcrest\hamcrest-library\1.3\hamcrest-library-1.3.jar;D:\maven\LocalWarehouse\org\skyscreamer\jsonassert\1.5.0\jsonassert-1.5.0.jar;D:\maven\LocalWarehouse\com\vaadin\external\google\android-json\0.0.20131108.vaadin1\android-json-0.0.20131108.vaadin1.jar;D:\maven\LocalWarehouse\org\springframework\spring-core\5.0.5.RELEASE\spring-core-5.0.5.RELEASE.jar;D:\maven\LocalWarehouse\org\springframework\spring-jcl\5.0.5.RELEASE\spring-jcl-5.0.5.RELEASE.jar;D:\maven\LocalWarehouse\org\springframework\spring-test\5.0.5.RELEASE\spring-test-5.0.5.RELEASE.jar;D:\maven\LocalWarehouse\org\xmlunit\xmlunit-core\2.5.1\xmlunit-core-2.5.1.jar;D:\maven\LocalWarehouse\org\springframework\boot\spring-boot-devtools\2.0.1.RELEASE\spring-boot-devtools-2.0.1.RELEASE.jar;D:\maven\LocalWarehouse\org\springframework\boot\spring-boot\2.0.1.RELEASE\spring-boot-2.0.1.RELEASE.jar;D:\maven\LocalWarehouse\org\springframework\boot\spring-boot-autoconfigure\2.0.1.RELEASE\spring-boot-autoconfigure-2.0.1.RELEASE.jar;D:\maven\LocalWarehouse\org\springframework\boot\spring-boot-starter\2.0.1.RELEASE\spring-boot-starter-2.0.1.RELEASE.jar;D:\maven\LocalWarehouse\javax\annotation\javax.annotation-api\1.3.2\javax.annotation-api-1.3.2.jar;D:\maven\LocalWarehouse\org\yaml\snakeyaml\1.19\snakeyaml-1.19.jar;D:\maven\LocalWarehouse\org\springframework\boot\spring-boot-starter-log4j2\2.0.1.RELEASE\spring-boot-starter-log4j2-2.0.1.RELEASE.jar;D:\maven\LocalWarehouse\org\apache\logging\log4j\log4j-slf4j-impl\2.10.0\log4j-slf4j-impl-2.10.0.jar;D:\maven\LocalWarehouse\org\apache\logging\log4j\log4j-api\2.10.0\log4j-api-2.10.0.jar;D:\maven\LocalWarehouse\org\apache\logging\log4j\log4j-core\2.10.0\log4j-core-2.10.0.jar;D:\maven\LocalWarehouse\org\slf4j\jul-to-slf4j\1.7.25\jul-to-slf4j-1.7.25.jar;D:\maven\LocalWarehouse\com\alibaba\druid-spring-boot-starter\1.1.10\druid-spring-boot-starter-1.1.10.jar;D:\maven\LocalWarehouse\com\alibaba\druid\1.1.10\druid-1.1.10.jar;D:\maven\LocalWarehouse\org\slf4j\slf4j-api\1.7.25\slf4j-api-1.7.25.jar;D:\maven\LocalWarehouse\log4j\log4j\1.2.17\log4j-1.2.17.jar;"/>
    <property name="java.vm.vendor" value="Oracle Corporation"/>
    <property name="sun.arch.data.model" value="64"/>
    <property name="user.variant" value=""/>
    <property name="java.vendor.url" value="http://java.oracle.com/"/>
    <property name="user.timezone" value=""/>
    <property name="java.vm.specification.version" value="1.8"/>
    <property name="os.name" value="Windows 10"/>
    <property name="user.country" value="CN"/>
    <property name="sun.java.launcher" value="SUN_STANDARD"/>
    <property name="sun.boot.library.path" value="D:\Program Files\Java\jdk1.8.0_271\jre\bin"/>
    <property name="sun.java.command" value="C:\Users\JZX\AppData\Local\Temp\surefire2446076558357499978\surefirebooter4039571133682184856.jar C:\Users\JZX\AppData\Local\Temp\surefire2446076558357499978 2020-11-14T21-39-14_660-jvmRun1 surefire3754098036123526095tmp surefire_04568278235417340379tmp"/>
    <property name="surefire.test.class.path" value="D:\ideaProject\blog\target\test-classes;D:\ideaProject\blog\target\classes;D:\maven\LocalWarehouse\org\springframework\boot\spring-boot-starter-data-jpa\2.0.1.RELEASE\spring-boot-starter-data-jpa-2.0.1.RELEASE.jar;D:\maven\LocalWarehouse\org\springframework\boot\spring-boot-starter-aop\2.0.1.RELEASE\spring-boot-starter-aop-2.0.1.RELEASE.jar;D:\maven\LocalWarehouse\org\springframework\spring-aop\5.0.5.RELEASE\spring-aop-5.0.5.RELEASE.jar;D:\maven\LocalWarehouse\org\aspectj\aspectjweaver\1.8.13\aspectjweaver-1.8.13.jar;D:\maven\LocalWarehouse\org\springframework\boot\spring-boot-starter-jdbc\2.0.1.RELEASE\spring-boot-starter-jdbc-2.0.1.RELEASE.jar;D:\maven\LocalWarehouse\com\zaxxer\HikariCP\2.7.8\HikariCP-2.7.8.jar;D:\maven\LocalWarehouse\org\springframework\spring-jdbc\5.0.5.RELEASE\spring-jdbc-5.0.5.RELEASE.jar;D:\maven\LocalWarehouse\org\hibernate\hibernate-core\5.2.16.Final\hibernate-core-5.2.16.Final.jar;D:\maven\LocalWarehouse\org\jboss\logging\jboss-logging\3.3.2.Final\jboss-logging-3.3.2.Final.jar;D:\maven\LocalWarehouse\org\hibernate\javax\persistence\hibernate-jpa-2.1-api\1.0.0.Final\hibernate-jpa-2.1-api-1.0.0.Final.jar;D:\maven\LocalWarehouse\org\javassist\javassist\3.22.0-GA\javassist-3.22.0-GA.jar;D:\maven\LocalWarehouse\antlr\antlr\2.7.7\antlr-2.7.7.jar;D:\maven\LocalWarehouse\org\jboss\jandex\2.0.3.Final\jandex-2.0.3.Final.jar;D:\maven\LocalWarehouse\com\fasterxml\classmate\1.3.4\classmate-1.3.4.jar;D:\maven\LocalWarehouse\dom4j\dom4j\1.6.1\dom4j-1.6.1.jar;D:\maven\LocalWarehouse\org\hibernate\common\hibernate-commons-annotations\5.0.1.Final\hibernate-commons-annotations-5.0.1.Final.jar;D:\maven\LocalWarehouse\javax\transaction\javax.transaction-api\1.2\javax.transaction-api-1.2.jar;D:\maven\LocalWarehouse\org\springframework\data\spring-data-jpa\2.0.6.RELEASE\spring-data-jpa-2.0.6.RELEASE.jar;D:\maven\LocalWarehouse\org\springframework\data\spring-data-commons\2.0.6.RELEASE\spring-data-commons-2.0.6.RELEASE.jar;D:\maven\LocalWarehouse\org\springframework\spring-orm\5.0.5.RELEASE\spring-orm-5.0.5.RELEASE.jar;D:\maven\LocalWarehouse\org\springframework\spring-context\5.0.5.RELEASE\spring-context-5.0.5.RELEASE.jar;D:\maven\LocalWarehouse\org\springframework\spring-tx\5.0.5.RELEASE\spring-tx-5.0.5.RELEASE.jar;D:\maven\LocalWarehouse\org\springframework\spring-beans\5.0.5.RELEASE\spring-beans-5.0.5.RELEASE.jar;D:\maven\LocalWarehouse\org\springframework\spring-aspects\5.0.5.RELEASE\spring-aspects-5.0.5.RELEASE.jar;D:\maven\LocalWarehouse\org\springframework\boot\spring-boot-starter-thymeleaf\2.0.1.RELEASE\spring-boot-starter-thymeleaf-2.0.1.RELEASE.jar;D:\maven\LocalWarehouse\org\thymeleaf\thymeleaf-spring5\3.0.9.RELEASE\thymeleaf-spring5-3.0.9.RELEASE.jar;D:\maven\LocalWarehouse\org\thymeleaf\thymeleaf\3.0.9.RELEASE\thymeleaf-3.0.9.RELEASE.jar;D:\maven\LocalWarehouse\org\attoparser\attoparser\2.0.4.RELEASE\attoparser-2.0.4.RELEASE.jar;D:\maven\LocalWarehouse\org\unbescape\unbescape\1.1.5.RELEASE\unbescape-1.1.5.RELEASE.jar;D:\maven\LocalWarehouse\org\thymeleaf\extras\thymeleaf-extras-java8time\3.0.1.RELEASE\thymeleaf-extras-java8time-3.0.1.RELEASE.jar;D:\maven\LocalWarehouse\org\springframework\boot\spring-boot-starter-web\2.0.1.RELEASE\spring-boot-starter-web-2.0.1.RELEASE.jar;D:\maven\LocalWarehouse\org\springframework\boot\spring-boot-starter-json\2.0.1.RELEASE\spring-boot-starter-json-2.0.1.RELEASE.jar;D:\maven\LocalWarehouse\com\fasterxml\jackson\core\jackson-databind\2.9.5\jackson-databind-2.9.5.jar;D:\maven\LocalWarehouse\com\fasterxml\jackson\core\jackson-annotations\2.9.0\jackson-annotations-2.9.0.jar;D:\maven\LocalWarehouse\com\fasterxml\jackson\core\jackson-core\2.9.5\jackson-core-2.9.5.jar;D:\maven\LocalWarehouse\com\fasterxml\jackson\datatype\jackson-datatype-jdk8\2.9.5\jackson-datatype-jdk8-2.9.5.jar;D:\maven\LocalWarehouse\com\fasterxml\jackson\datatype\jackson-datatype-jsr310\2.9.5\jackson-datatype-jsr310-2.9.5.jar;D:\maven\LocalWarehouse\com\fasterxml\jackson\module\jackson-module-parameter-names\2.9.5\jackson-module-parameter-names-2.9.5.jar;D:\maven\LocalWarehouse\org\springframework\boot\spring-boot-starter-tomcat\2.0.1.RELEASE\spring-boot-starter-tomcat-2.0.1.RELEASE.jar;D:\maven\LocalWarehouse\org\apache\tomcat\embed\tomcat-embed-core\8.5.29\tomcat-embed-core-8.5.29.jar;D:\maven\LocalWarehouse\org\apache\tomcat\embed\tomcat-embed-el\8.5.29\tomcat-embed-el-8.5.29.jar;D:\maven\LocalWarehouse\org\apache\tomcat\embed\tomcat-embed-websocket\8.5.29\tomcat-embed-websocket-8.5.29.jar;D:\maven\LocalWarehouse\org\hibernate\validator\hibernate-validator\6.0.9.Final\hibernate-validator-6.0.9.Final.jar;D:\maven\LocalWarehouse\javax\validation\validation-api\2.0.1.Final\validation-api-2.0.1.Final.jar;D:\maven\LocalWarehouse\org\springframework\spring-web\5.0.5.RELEASE\spring-web-5.0.5.RELEASE.jar;D:\maven\LocalWarehouse\org\springframework\spring-webmvc\5.0.5.RELEASE\spring-webmvc-5.0.5.RELEASE.jar;D:\maven\LocalWarehouse\org\springframework\spring-expression\5.0.5.RELEASE\spring-expression-5.0.5.RELEASE.jar;D:\maven\LocalWarehouse\mysql\mysql-connector-java\5.1.46\mysql-connector-java-5.1.46.jar;D:\maven\LocalWarehouse\org\projectlombok\lombok\1.16.20\lombok-1.16.20.jar;D:\maven\LocalWarehouse\org\springframework\boot\spring-boot-starter-test\2.0.1.RELEASE\spring-boot-starter-test-2.0.1.RELEASE.jar;D:\maven\LocalWarehouse\org\springframework\boot\spring-boot-test\2.0.1.RELEASE\spring-boot-test-2.0.1.RELEASE.jar;D:\maven\LocalWarehouse\org\springframework\boot\spring-boot-test-autoconfigure\2.0.1.RELEASE\spring-boot-test-autoconfigure-2.0.1.RELEASE.jar;D:\maven\LocalWarehouse\com\jayway\jsonpath\json-path\2.4.0\json-path-2.4.0.jar;D:\maven\LocalWarehouse\net\minidev\json-smart\2.3\json-smart-2.3.jar;D:\maven\LocalWarehouse\net\minidev\accessors-smart\1.2\accessors-smart-1.2.jar;D:\maven\LocalWarehouse\org\ow2\asm\asm\5.0.4\asm-5.0.4.jar;D:\maven\LocalWarehouse\junit\junit\4.12\junit-4.12.jar;D:\maven\LocalWarehouse\org\assertj\assertj-core\3.9.1\assertj-core-3.9.1.jar;D:\maven\LocalWarehouse\org\mockito\mockito-core\2.15.0\mockito-core-2.15.0.jar;D:\maven\LocalWarehouse\net\bytebuddy\byte-buddy\1.7.11\byte-buddy-1.7.11.jar;D:\maven\LocalWarehouse\net\bytebuddy\byte-buddy-agent\1.7.11\byte-buddy-agent-1.7.11.jar;D:\maven\LocalWarehouse\org\objenesis\objenesis\2.6\objenesis-2.6.jar;D:\maven\LocalWarehouse\org\hamcrest\hamcrest-core\1.3\hamcrest-core-1.3.jar;D:\maven\LocalWarehouse\org\hamcrest\hamcrest-library\1.3\hamcrest-library-1.3.jar;D:\maven\LocalWarehouse\org\skyscreamer\jsonassert\1.5.0\jsonassert-1.5.0.jar;D:\maven\LocalWarehouse\com\vaadin\external\google\android-json\0.0.20131108.vaadin1\android-json-0.0.20131108.vaadin1.jar;D:\maven\LocalWarehouse\org\springframework\spring-core\5.0.5.RELEASE\spring-core-5.0.5.RELEASE.jar;D:\maven\LocalWarehouse\org\springframework\spring-jcl\5.0.5.RELEASE\spring-jcl-5.0.5.RELEASE.jar;D:\maven\LocalWarehouse\org\springframework\spring-test\5.0.5.RELEASE\spring-test-5.0.5.RELEASE.jar;D:\maven\LocalWarehouse\org\xmlunit\xmlunit-core\2.5.1\xmlunit-core-2.5.1.jar;D:\maven\LocalWarehouse\org\springframework\boot\spring-boot-devtools\2.0.1.RELEASE\spring-boot-devtools-2.0.1.RELEASE.jar;D:\maven\LocalWarehouse\org\springframework\boot\spring-boot\2.0.1.RELEASE\spring-boot-2.0.1.RELEASE.jar;D:\maven\LocalWarehouse\org\springframework\boot\spring-boot-autoconfigure\2.0.1.RELEASE\spring-boot-autoconfigure-2.0.1.RELEASE.jar;D:\maven\LocalWarehouse\org\springframework\boot\spring-boot-starter\2.0.1.RELEASE\spring-boot-starter-2.0.1.RELEASE.jar;D:\maven\LocalWarehouse\javax\annotation\javax.annotation-api\1.3.2\javax.annotation-api-1.3.2.jar;D:\maven\LocalWarehouse\org\yaml\snakeyaml\1.19\snakeyaml-1.19.jar;D:\maven\LocalWarehouse\org\springframework\boot\spring-boot-starter-log4j2\2.0.1.RELEASE\spring-boot-starter-log4j2-2.0.1.RELEASE.jar;D:\maven\LocalWarehouse\org\apache\logging\log4j\log4j-slf4j-impl\2.10.0\log4j-slf4j-impl-2.10.0.jar;D:\maven\LocalWarehouse\org\apache\logging\log4j\log4j-api\2.10.0\log4j-api-2.10.0.jar;D:\maven\LocalWarehouse\org\apache\logging\log4j\log4j-core\2.10.0\log4j-core-2.10.0.jar;D:\maven\LocalWarehouse\org\slf4j\jul-to-slf4j\1.7.25\jul-to-slf4j-1.7.25.jar;D:\maven\LocalWarehouse\com\alibaba\druid-spring-boot-starter\1.1.10\druid-spring-boot-starter-1.1.10.jar;D:\maven\LocalWarehouse\com\alibaba\druid\1.1.10\druid-1.1.10.jar;D:\maven\LocalWarehouse\org\slf4j\slf4j-api\1.7.25\slf4j-api-1.7.25.jar;D:\maven\LocalWarehouse\log4j\log4j\1.2.17\log4j-1.2.17.jar;"/>
    <property name="sun.cpu.endian" value="little"/>
    <property name="user.home" value="C:\Users\JZX"/>
    <property name="user.language" value="zh"/>
    <property name="java.specification.vendor" value="Oracle Corporation"/>
    <property name="java.home" value="D:\Program Files\Java\jdk1.8.0_271\jre"/>
    <property name="basedir" value="D:\ideaProject\blog"/>
    <property name="file.separator" value="\"/>
    <property name="line.separator" value="&#10;"/>
    <property name="java.vm.specification.vendor" value="Oracle Corporation"/>
    <property name="java.specification.name" value="Java Platform API Specification"/>
    <property name="java.awt.graphicsenv" value="sun.awt.Win32GraphicsEnvironment"/>
    <property name="surefire.real.class.path" value="C:\Users\JZX\AppData\Local\Temp\surefire2446076558357499978\surefirebooter4039571133682184856.jar"/>
    <property name="sun.boot.class.path" value="D:\Program Files\Java\jdk1.8.0_271\jre\lib\resources.jar;D:\Program Files\Java\jdk1.8.0_271\jre\lib\rt.jar;D:\Program Files\Java\jdk1.8.0_271\jre\lib\sunrsasign.jar;D:\Program Files\Java\jdk1.8.0_271\jre\lib\jsse.jar;D:\Program Files\Java\jdk1.8.0_271\jre\lib\jce.jar;D:\Program Files\Java\jdk1.8.0_271\jre\lib\charsets.jar;D:\Program Files\Java\jdk1.8.0_271\jre\lib\jfr.jar;D:\Program Files\Java\jdk1.8.0_271\jre\classes"/>
    <property name="user.script" value=""/>
    <property name="sun.management.compiler" value="HotSpot 64-Bit Tiered Compilers"/>
    <property name="java.runtime.version" value="1.8.0_271-b09"/>
    <property name="user.name" value="JZX"/>
    <property name="path.separator" value=";"/>
    <property name="os.version" value="10.0"/>
    <property name="java.endorsed.dirs" value="D:\Program Files\Java\jdk1.8.0_271\jre\lib\endorsed"/>
    <property name="java.runtime.name" value="Java(TM) SE Runtime Environment"/>
    <property name="file.encoding" value="GBK"/>
    <property name="java.vm.name" value="Java HotSpot(TM) 64-Bit Server VM"/>
    <property name="localRepository" value="D:\maven\LocalWarehouse"/>
    <property name="java.vendor.url.bug" value="http://bugreport.sun.com/bugreport/"/>
    <property name="java.io.tmpdir" value="C:\Users\JZX\AppData\Local\Temp\"/>
    <property name="java.version" value="1.8.0_271"/>
    <property name="user.dir" value="D:\ideaProject\blog"/>
    <property name="os.arch" value="amd64"/>
    <property name="java.vm.specification.name" value="Java Virtual Machine Specification"/>
    <property name="java.awt.printerjob" value="sun.awt.windows.WPrinterJob"/>
    <property name="sun.os.patch.level" value=""/>
    <property name="idea.version2019.3.5" value="true"/>
    <property name="java.library.path" value="D:\Program Files\Java\jdk1.8.0_271\jre\bin;C:\Windows\Sun\Java\bin;C:\Windows\system32;C:\Windows;D:\Program Files\Java\jdk1.8.0_271\bin;C:\Program Files (x86)\Common Files\Oracle\Java\javapath;C:\Windows\system32;C:\Windows;C:\Windows\System32\Wbem;C:\Windows\System32\WindowsPowerShell\v1.0\;C:\Windows\System32\OpenSSH\;D:\Program Files\MySQL\mysql-5.7.32-winx64\bin;D:\Program Files\Git\cmd;C:\Program Files\TortoiseGit\bin;D:\Program Files\nodejs\;D:\maven\apache-maven-3.6.2\bin;C:\Users\JZX\AppData\Local\Microsoft\WindowsApps;D:\Program Files\nodejs\node_global;;."/>
    <property name="java.vm.info" value="mixed mode"/>
    <property name="java.vendor" value="Oracle Corporation"/>
    <property name="java.vm.version" value="25.271-b09"/>
    <property name="java.ext.dirs" value="D:\Program Files\Java\jdk1.8.0_271\jre\lib\ext;C:\Windows\Sun\Java\lib\ext"/>
    <property name="sun.io.unicode.encoding" value="UnicodeLittle"/>
    <property name="java.class.version" value="52.0"/>
  </properties>
  <testcase name="PageInfoList" classname="com.jzx.blog.BlogApplicationTests" time="0.268"/>
  <testcase name="finOne" classname="com.jzx.blog.BlogApplicationTests" time="0.07"/>
  <testcase name="finone" classname="com.jzx.blog.BlogApplicationTests" time="0.035">
    <error message="Unable to find com.jzx.blog.domain.Article with id 1" type="javax.persistence.EntityNotFoundException">javax.persistence.EntityNotFoundException: Unable to find com.jzx.blog.domain.Article with id 1
	at com.jzx.blog.BlogApplicationTests.finone(BlogApplicationTests.java:83)
</error>
    <system-out><![CDATA[2020-11-14 21:39:21.101 [main] INFO  test.context.transaction.TransactionContext - Began transaction (1) for test context [DefaultTestContext@42401b81 testClass = BlogApplicationTests, testInstance = com.jzx.blog.BlogApplicationTests@f1d1463, testMethod = finone@BlogApplicationTests, testException = [null], mergedContextConfiguration = [WebMergedContextConfiguration@47ef5a33 testClass = BlogApplicationTests, locations = '{}', classes = '{class com.jzx.blog.BlogApplication, class com.jzx.blog.BlogApplication}', contextInitializerClasses = '[]', activeProfiles = '{}', propertySourceLocations = '{}', propertySourceProperties = '{org.springframework.boot.test.context.SpringBootTestContextBootstrapper=true}', contextCustomizers = set[org.springframework.boot.test.context.filter.ExcludeFilterContextCustomizer@7d20d0b, org.springframework.boot.test.json.DuplicateJsonObjectContextCustomizerFactory$DuplicateJsonObjectContextCustomizer@6c40365c, org.springframework.boot.test.mock.mockito.MockitoContextCustomizer@0, org.springframework.boot.test.web.client.TestRestTemplateContextCustomizer@3c3d9b6b, org.springframework.boot.test.autoconfigure.properties.PropertyMappingContextCustomizer@0, org.springframework.boot.test.autoconfigure.web.servlet.WebDriverContextCustomizerFactory$Customizer@1e178745], resourceBasePath = 'src/main/webapp', contextLoader = 'org.springframework.boot.test.context.SpringBootContextLoader', parent = [null]], attributes = map['org.springframework.test.context.web.ServletTestExecutionListener.activateListener' -> true, 'org.springframework.test.context.web.ServletTestExecutionListener.populatedRequestContextHolder' -> true, 'org.springframework.test.context.web.ServletTestExecutionListener.resetRequestContextHolder' -> true]]; transaction manager [org.springframework.orm.jpa.JpaTransactionManager@4ecd8ab1]; rollback [true]
2020-11-14 21:39:21.114 [main] DEBUG org.hibernate.SQL - select article0_.aid as aid1_0_0_, article0_.acontent as acontent2_0_0_, article0_.aname as aname3_0_0_, article0_.artime as artime4_0_0_ from b_article article0_ where article0_.aid=?
Hibernate: select article0_.aid as aid1_0_0_, article0_.acontent as acontent2_0_0_, article0_.aname as aname3_0_0_, article0_.artime as artime4_0_0_ from b_article article0_ where article0_.aid=?
2020-11-14 21:39:21.117 [main] TRACE type.descriptor.sql.BasicBinder - binding parameter [1] as [BIGINT] - [1]
2020-11-14 21:39:21.126 [main] INFO  test.context.transaction.TransactionContext - Rolled back transaction for test: [DefaultTestContext@42401b81 testClass = BlogApplicationTests, testInstance = com.jzx.blog.BlogApplicationTests@f1d1463, testMethod = finone@BlogApplicationTests, testException = javax.persistence.EntityNotFoundException: Unable to find com.jzx.blog.domain.Article with id 1, mergedContextConfiguration = [WebMergedContextConfiguration@47ef5a33 testClass = BlogApplicationTests, locations = '{}', classes = '{class com.jzx.blog.BlogApplication, class com.jzx.blog.BlogApplication}', contextInitializerClasses = '[]', activeProfiles = '{}', propertySourceLocations = '{}', propertySourceProperties = '{org.springframework.boot.test.context.SpringBootTestContextBootstrapper=true}', contextCustomizers = set[org.springframework.boot.test.context.filter.ExcludeFilterContextCustomizer@7d20d0b, org.springframework.boot.test.json.DuplicateJsonObjectContextCustomizerFactory$DuplicateJsonObjectContextCustomizer@6c40365c, org.springframework.boot.test.mock.mockito.MockitoContextCustomizer@0, org.springframework.boot.test.web.client.TestRestTemplateContextCustomizer@3c3d9b6b, org.springframework.boot.test.autoconfigure.properties.PropertyMappingContextCustomizer@0, org.springframework.boot.test.autoconfigure.web.servlet.WebDriverContextCustomizerFactory$Customizer@1e178745], resourceBasePath = 'src/main/webapp', contextLoader = 'org.springframework.boot.test.context.SpringBootContextLoader', parent = [null]], attributes = map['org.springframework.test.context.web.ServletTestExecutionListener.activateListener' -> true, 'org.springframework.test.context.web.ServletTestExecutionListener.populatedRequestContextHolder' -> true, 'org.springframework.test.context.web.ServletTestExecutionListener.resetRequestContextHolder' -> true]]
]]></system-out>
  </testcase>
  <testcase name="getAll" classname="com.jzx.blog.BlogApplicationTests" time="0.019"/>
  <testcase name="save" classname="com.jzx.blog.BlogApplicationTests" time="0.065"/>
  <testcase name="test" classname="com.jzx.blog.BlogApplicationTests" time="0.022"/>
  <testcase name="test1" classname="com.jzx.blog.BlogApplicationTests" time="0.014"/>
  <testcase name="test3" classname="com.jzx.blog.BlogApplicationTests" time="0.019">
    <error message="No property aid found for type Article! Did you mean &apos;AId&apos;?" type="org.springframework.data.mapping.PropertyReferenceException">org.springframework.data.mapping.PropertyReferenceException: No property aid found for type Article! Did you mean 'AId'?
	at com.jzx.blog.BlogApplicationTests.test3(BlogApplicationTests.java:322)
</error>
  </testcase>
  <testcase name="deleteCheckArtListIn" classname="com.jzx.blog.BlogApplicationTests" time="0.021"/>
  <testcase name="finByAName" classname="com.jzx.blog.BlogApplicationTests" time="0.007"/>
  <testcase name="updArticle" classname="com.jzx.blog.BlogApplicationTests" time="0.018"/>
  <testcase name="testGetOne" classname="com.jzx.blog.BlogApplicationTests" time="0.01">
    <error message="Unable to find com.jzx.blog.domain.Article with id 2" type="javax.persistence.EntityNotFoundException">javax.persistence.EntityNotFoundException: Unable to find com.jzx.blog.domain.Article with id 2
	at com.jzx.blog.BlogApplicationTests.testGetOne(BlogApplicationTests.java:165)
</error>
    <system-out><![CDATA[2020-11-14 21:39:21.337 [main] INFO  test.context.transaction.TransactionContext - Began transaction (1) for test context [DefaultTestContext@42401b81 testClass = BlogApplicationTests, testInstance = com.jzx.blog.BlogApplicationTests@336d28a1, testMethod = testGetOne@BlogApplicationTests, testException = [null], mergedContextConfiguration = [WebMergedContextConfiguration@47ef5a33 testClass = BlogApplicationTests, locations = '{}', classes = '{class com.jzx.blog.BlogApplication, class com.jzx.blog.BlogApplication}', contextInitializerClasses = '[]', activeProfiles = '{}', propertySourceLocations = '{}', propertySourceProperties = '{org.springframework.boot.test.context.SpringBootTestContextBootstrapper=true}', contextCustomizers = set[org.springframework.boot.test.context.filter.ExcludeFilterContextCustomizer@7d20d0b, org.springframework.boot.test.json.DuplicateJsonObjectContextCustomizerFactory$DuplicateJsonObjectContextCustomizer@6c40365c, org.springframework.boot.test.mock.mockito.MockitoContextCustomizer@0, org.springframework.boot.test.web.client.TestRestTemplateContextCustomizer@3c3d9b6b, org.springframework.boot.test.autoconfigure.properties.PropertyMappingContextCustomizer@0, org.springframework.boot.test.autoconfigure.web.servlet.WebDriverContextCustomizerFactory$Customizer@1e178745], resourceBasePath = 'src/main/webapp', contextLoader = 'org.springframework.boot.test.context.SpringBootContextLoader', parent = [null]], attributes = map['org.springframework.test.context.web.ServletTestExecutionListener.activateListener' -> true, 'org.springframework.test.context.web.ServletTestExecutionListener.populatedRequestContextHolder' -> true, 'org.springframework.test.context.web.ServletTestExecutionListener.resetRequestContextHolder' -> true]]; transaction manager [org.springframework.orm.jpa.JpaTransactionManager@4ecd8ab1]; rollback [true]
2020-11-14 21:39:21.337 [main] DEBUG org.hibernate.SQL - select article0_.aid as aid1_0_0_, article0_.acontent as acontent2_0_0_, article0_.aname as aname3_0_0_, article0_.artime as artime4_0_0_ from b_article article0_ where article0_.aid=?
Hibernate: select article0_.aid as aid1_0_0_, article0_.acontent as acontent2_0_0_, article0_.aname as aname3_0_0_, article0_.artime as artime4_0_0_ from b_article article0_ where article0_.aid=?
2020-11-14 21:39:21.343 [main] TRACE type.descriptor.sql.BasicBinder - binding parameter [1] as [BIGINT] - [2]
2020-11-14 21:39:21.347 [main] INFO  test.context.transaction.TransactionContext - Rolled back transaction for test: [DefaultTestContext@42401b81 testClass = BlogApplicationTests, testInstance = com.jzx.blog.BlogApplicationTests@336d28a1, testMethod = testGetOne@BlogApplicationTests, testException = javax.persistence.EntityNotFoundException: Unable to find com.jzx.blog.domain.Article with id 2, mergedContextConfiguration = [WebMergedContextConfiguration@47ef5a33 testClass = BlogApplicationTests, locations = '{}', classes = '{class com.jzx.blog.BlogApplication, class com.jzx.blog.BlogApplication}', contextInitializerClasses = '[]', activeProfiles = '{}', propertySourceLocations = '{}', propertySourceProperties = '{org.springframework.boot.test.context.SpringBootTestContextBootstrapper=true}', contextCustomizers = set[org.springframework.boot.test.context.filter.ExcludeFilterContextCustomizer@7d20d0b, org.springframework.boot.test.json.DuplicateJsonObjectContextCustomizerFactory$DuplicateJsonObjectContextCustomizer@6c40365c, org.springframework.boot.test.mock.mockito.MockitoContextCustomizer@0, org.springframework.boot.test.web.client.TestRestTemplateContextCustomizer@3c3d9b6b, org.springframework.boot.test.autoconfigure.properties.PropertyMappingContextCustomizer@0, org.springframework.boot.test.autoconfigure.web.servlet.WebDriverContextCustomizerFactory$Customizer@1e178745], resourceBasePath = 'src/main/webapp', contextLoader = 'org.springframework.boot.test.context.SpringBootContextLoader', parent = [null]], attributes = map['org.springframework.test.context.web.ServletTestExecutionListener.activateListener' -> true, 'org.springframework.test.context.web.ServletTestExecutionListener.populatedRequestContextHolder' -> true, 'org.springframework.test.context.web.ServletTestExecutionListener.resetRequestContextHolder' -> true]]
]]></system-out>
  </testcase>
  <testcase name="getCount" classname="com.jzx.blog.BlogApplicationTests" time="0.01"/>
</testsuite>